生成启动时间为 2019/8/20 20:04:59。
     1>项目“E:\code\win32\day01\day01\Day01\WinBase\WinBase.vcxproj”在节点 2 上(build 个目标)。
     1>PrepareForBuild:
         正在创建目录“E:\code\win32\day01\day01\Day01\Debug\”。
       InitializeBuildStatus:
         正在创建“Debug\WinBase.unsuccessfulbuild”，因为已指定“AlwaysCreate”。
       ClCompile:
         C:\Program Files (x86)\Microsoft Visual Studio 10.0\VC\bin\CL.exe /c /ZI /nologo /W3 /WX- /Od /Oy- /D WIN32 /D _DEBUG /D _WINDOWS /D _MBCS /Gm /EHsc /RTC1 /MDd /GS /fp:precise /Zc:wchar_t /Zc:forScope /Fo"Debug\\" /Fd"Debug\vc100.pdb" /Gd /TP /analyze- /errorReport:prompt WinBase.cpp
         WinBase.cpp
       ManifestResourceCompile:
         C:\Program Files (x86)\Microsoft SDKs\Windows\v7.0A\bin\rc.exe /nologo /fo"Debug\WinBase.exe.embed.manifest.res" Debug\WinBase_manifest.rc 
       Link:
         C:\Program Files (x86)\Microsoft Visual Studio 10.0\VC\bin\link.exe /ERRORREPORT:PROMPT /OUT:"E:\code\win32\day01\day01\Day01\Debug\WinBase.exe" /INCREMENTAL /NOLOGO kernel32.lib user32.lib gdi32.lib winspool.lib comdlg32.lib advapi32.lib shell32.lib ole32.lib oleaut32.lib uuid.lib odbc32.lib odbccp32.lib /MANIFEST /ManifestFile:"Debug\WinBase.exe.intermediate.manifest" /MANIFESTUAC:"level='asInvoker' uiAccess='false'" /DEBUG /PDB:"E:\code\win32\day01\day01\Day01\Debug\WinBase.pdb" /SUBSYSTEM:WINDOWS /TLBID:1 /DYNAMICBASE /NXCOMPAT /IMPLIB:"E:\code\win32\day01\day01\Day01\Debug\WinBase.lib" /MACHINE:X86 Debug\WinBase.exe.embed.manifest.res
         Debug\WinBase.obj
       Manifest:
         C:\Program Files (x86)\Microsoft SDKs\Windows\v7.0A\bin\mt.exe /nologo /verbose /out:"Debug\WinBase.exe.embed.manifest" /manifest Debug\WinBase.exe.intermediate.manifest
         C:\Program Files (x86)\Microsoft SDKs\Windows\v7.0A\bin\rc.exe /nologo /fo"Debug\WinBase.exe.embed.manifest.res" Debug\WinBase_manifest.rc 
       LinkEmbedManifest:
         C:\Program Files (x86)\Microsoft Visual Studio 10.0\VC\bin\link.exe /ERRORREPORT:PROMPT /OUT:"E:\code\win32\day01\day01\Day01\Debug\WinBase.exe" /INCREMENTAL /NOLOGO kernel32.lib user32.lib gdi32.lib winspool.lib comdlg32.lib advapi32.lib shell32.lib ole32.lib oleaut32.lib uuid.lib odbc32.lib odbccp32.lib /MANIFEST /ManifestFile:"Debug\WinBase.exe.intermediate.manifest" /MANIFESTUAC:"level='asInvoker' uiAccess='false'" /DEBUG /PDB:"E:\code\win32\day01\day01\Day01\Debug\WinBase.pdb" /SUBSYSTEM:WINDOWS /TLBID:1 /DYNAMICBASE /NXCOMPAT /IMPLIB:"E:\code\win32\day01\day01\Day01\Debug\WinBase.lib" /MACHINE:X86 Debug\WinBase.exe.embed.manifest.res
         Debug\WinBase.obj
         WinBase.vcxproj -> E:\code\win32\day01\day01\Day01\Debug\WinBase.exe
       FinalizeBuildStatus:
         正在删除文件“Debug\WinBase.unsuccessfulbuild”。
         正在对“Debug\WinBase.lastbuildstate”执行 Touch 任务。
     1>已完成生成项目“E:\code\win32\day01\day01\Day01\WinBase\WinBase.vcxproj”(build 个目标)的操作。

生成成功。

已用时间 00:00:02.97
