生成启动时间为 2019/9/9 11:13:16。
     1>项目“E:\c++1905\MFC\day09\codes\day09\Sdi\Sdi.vcxproj”在节点 2 上(build 个目标)。
     1>InitializeBuildStatus:
         正在创建“Debug\Sdi.unsuccessfulbuild”，因为已指定“AlwaysCreate”。
       ClCompile:
         所有输出均为最新。
         C:\Program Files (x86)\Microsoft Visual Studio 10.0\VC\bin\CL.exe /c /ZI /nologo /W3 /WX- /Od /Oy- /D WIN32 /D _WINDOWS /D _DEBUG /D _MBCS /D _AFXDLL /Gm /EHsc /RTC1 /MDd /GS /fp:precise /Zc:wchar_t /Zc:forScope /Yu"StdAfx.h" /Fp"Debug\Sdi.pch" /Fo"Debug\\" /Fd"Debug\vc100.pdb" /Gd /TP /analyze- /errorReport:prompt DlgModel.cpp DlgModeless.cpp MainFrm.cpp Sdi.cpp SdiDoc.cpp SdiView.cpp
         MainFrm.cpp
         DlgModeless.cpp
         正在生成代码...
         正在跳过...(未检测到相关更改)
         SdiView.cpp
         SdiDoc.cpp
         Sdi.cpp
         DlgModel.cpp
       ResourceCompile:
         C:\Program Files (x86)\Microsoft SDKs\Windows\v7.0A\bin\rc.exe /D _DEBUG /D _AFXDLL /l"0x0804" /IDebug\ /nologo /fo"Debug\Sdi.res" Sdi.rc 
       ManifestResourceCompile:
         所有输出均为最新。
       Link:
         C:\Program Files (x86)\Microsoft Visual Studio 10.0\VC\bin\link.exe /ERRORREPORT:PROMPT /OUT:"E:\c++1905\MFC\day09\codes\day09\Debug\Sdi.exe" /INCREMENTAL /NOLOGO /MANIFEST /ManifestFile:"Debug\Sdi.exe.intermediate.manifest" /MANIFESTUAC:"level='asInvoker' uiAccess='false'" /DEBUG /PDB:"E:\c++1905\MFC\day09\codes\day09\Debug\Sdi.pdb" /SUBSYSTEM:WINDOWS /TLBID:1 /DYNAMICBASE /NXCOMPAT /IMPLIB:"E:\c++1905\MFC\day09\codes\day09\Debug\Sdi.lib" /MACHINE:X86 Debug\Sdi.res
         Debug\Sdi.exe.embed.manifest.res
         Debug\DlgModel.obj
         Debug\DlgModeless.obj
         Debug\MainFrm.obj
         Debug\Sdi.obj
         Debug\SdiDoc.obj
         Debug\SdiView.obj
         Debug\stdafx.obj
       Manifest:
         C:\Program Files (x86)\Microsoft SDKs\Windows\v7.0A\bin\mt.exe /nologo /verbose /out:"Debug\Sdi.exe.embed.manifest" /manifest Debug\Sdi.exe.intermediate.manifest "C:\Program Files (x86)\Microsoft Visual Studio 10.0\VC\Include\Manifest\dpiaware.manifest"
         所有输出均为最新。
       LinkEmbedManifest:
         所有输出均为最新。
         Sdi.vcxproj -> E:\c++1905\MFC\day09\codes\day09\Debug\Sdi.exe
       FinalizeBuildStatus:
         正在删除文件“Debug\Sdi.unsuccessfulbuild”。
         正在对“Debug\Sdi.lastbuildstate”执行 Touch 任务。
     1>已完成生成项目“E:\c++1905\MFC\day09\codes\day09\Sdi\Sdi.vcxproj”(build 个目标)的操作。

生成成功。

已用时间 00:00:01.26
