生成启动时间为 2019/9/12 16:27:43。
     1>项目“E:\c++1905\MFC\day12\codes\day12\UseAdo\UseAdo.vcxproj”在节点 2 上(build 个目标)。
     1>InitializeBuildStatus:
         正在创建“Debug\UseAdo.unsuccessfulbuild”，因为已指定“AlwaysCreate”。
       ClCompile:
         所有输出均为最新。
         C:\Program Files (x86)\Microsoft Visual Studio 10.0\VC\bin\CL.exe /c /ZI /nologo /W3 /WX- /Od /Oy- /D WIN32 /D _WINDOWS /D _DEBUG /D _MBCS /D _AFXDLL /Gm /EHsc /RTC1 /MDd /GS /fp:precise /Zc:wchar_t /Zc:forScope /Yu"StdAfx.h" /Fp"Debug\UseAdo.pch" /Fo"Debug\\" /Fd"Debug\vc100.pdb" /Gd /TP /analyze- /errorReport:prompt UseAdo.cpp UseAdoDlg.cpp
         UseAdoDlg.cpp
         正在生成代码...
         正在编译...
         UseAdo.cpp
         正在生成代码...
       ResourceCompile:
         所有输出均为最新。
       ManifestResourceCompile:
         所有输出均为最新。
       Link:
         C:\Program Files (x86)\Microsoft Visual Studio 10.0\VC\bin\link.exe /ERRORREPORT:PROMPT /OUT:"E:\c++1905\MFC\day12\codes\day12\Debug\UseAdo.exe" /INCREMENTAL /NOLOGO /MANIFEST /ManifestFile:"Debug\UseAdo.exe.intermediate.manifest" /MANIFESTUAC:"level='asInvoker' uiAccess='false'" /DEBUG /PDB:"E:\c++1905\MFC\day12\codes\day12\Debug\UseAdo.pdb" /SUBSYSTEM:WINDOWS /TLBID:1 /DYNAMICBASE /NXCOMPAT /IMPLIB:"E:\c++1905\MFC\day12\codes\day12\Debug\UseAdo.lib" /MACHINE:X86 Debug\UseAdo.res
         Debug\UseAdo.exe.embed.manifest.res
         Debug\AdoDatabase.obj
         Debug\AdoRecordset.obj
         Debug\stdafx.obj
         Debug\UseAdo.obj
         Debug\UseAdoDlg.obj
       Manifest:
         C:\Program Files (x86)\Microsoft SDKs\Windows\v7.0A\bin\mt.exe /nologo /verbose /out:"Debug\UseAdo.exe.embed.manifest" /manifest Debug\UseAdo.exe.intermediate.manifest "C:\Program Files (x86)\Microsoft Visual Studio 10.0\VC\Include\Manifest\dpiaware.manifest"
         所有输出均为最新。
       LinkEmbedManifest:
         所有输出均为最新。
         UseAdo.vcxproj -> E:\c++1905\MFC\day12\codes\day12\Debug\UseAdo.exe
       FinalizeBuildStatus:
         正在删除文件“Debug\UseAdo.unsuccessfulbuild”。
         正在对“Debug\UseAdo.lastbuildstate”执行 Touch 任务。
     1>已完成生成项目“E:\c++1905\MFC\day12\codes\day12\UseAdo\UseAdo.vcxproj”(build 个目标)的操作。

生成成功。

已用时间 00:00:00.50
